<!DOCTYPE html PUBLIC "-//W3C//DTD XHTML 1.1//EN" "http://www.w3.org/TR/xhtml11/DTD/xhtml11.dtd">
<html xmlns="http://www.w3.org/1999/xhtml">
<head>
<title>TestNG Report</title>
<style type="text/css">
table {margin-bottom:10px;border-collapse:collapse;empty-cells:show}
td,th {border:1px solid #009;padding:.25em .5em}
.result th {vertical-align:bottom}
.param th {padding-left:1em;padding-right:1em}
.param td {padding-left:.5em;padding-right:2em}
.stripe td,.stripe th {background-color: #E6EBF9}
.numi,.numi_attn {text-align:right}
.total td {font-weight:bold}
.passedodd td {background-color: #0A0}
.passedeven td {background-color: #3F3}
.skippedodd td {background-color: #CCC}
.skippedodd td {background-color: #DDD}
.failedodd td,.numi_attn {background-color: #F33}
.failedeven td,.stripe .numi_attn {background-color: #D00}
.stacktrace {white-space:pre;font-family:monospace}
.totop {font-size:85%;text-align:center;border-bottom:2px solid #000}
</style>
</head>
<body>
<table cellspacing="0" cellpadding="0" class="testOverview">
<tr><th>Test</th><th>Methods<br/>Passed</th><th>Scenarios<br/>Passed</th><th># skipped</th><th># failed</th><th>Total<br/>Time</th><th>Included<br/>Groups</th><th>Excluded<br/>Groups</th></tr>
<tr><td style="text-align:left;padding-right:2em"><a href="#t1">All</a></td><td class="numi">15</td><td class="numi">15</td><td class="numi">0</td><td class="numi_attn">2</td><td class="numi">62.3 seconds</td><td class="numi"></td><td class="numi"></td></tr>
</table>
<table cellspacing="0" cellpadding="0" class="methodOverview" id="summary">
<tr><th>Class</th><th>Method</th><th># of<br/>Scenarios</th><th>Start</th><th>Time<br/>(ms)</th></tr>
<tr id="t1"><th colspan="5">All &#8212; failed</th></tr>
<tr class="failedodd"><td rowspan="2">TC1_PH14036</td><td><a href="#m1"><b>testCreateAccount</b>  </a></td><td class="numi">2</td><td>1650436697581</td><td class="numi">7363</td></tr><tr class="failedodd"><td><a href="#m2"><b>testCreateAccount</b>  </a></td><td class="numi">2</td><td>1650436697581</td><td class="numi">7363</td></tr>
<tr><th colspan="5">All &#8212; passed</th></tr>
<tr class="passedodd"><td rowspan="5">TC2_PH14036</td><td><a href="#m3"><b>testSendEmail</b>  </a></td><td class="numi">5</td><td>1650436686964</td><td class="numi">10591</td></tr><tr class="passedodd"><td><a href="#m4"><b>testSendEmail</b>  </a></td><td class="numi">5</td><td>1650436686964</td><td class="numi">10591</td></tr><tr class="passedodd"><td><a href="#m5"><b>testSendEmail</b>  </a></td><td class="numi">5</td><td>1650436686964</td><td class="numi">10591</td></tr><tr class="passedodd"><td><a href="#m6"><b>testSendEmail</b>  </a></td><td class="numi">5</td><td>1650436686964</td><td class="numi">10591</td></tr><tr class="passedodd"><td><a href="#m7"><b>testSendEmail</b>  </a></td><td class="numi">5</td><td>1650436686964</td><td class="numi">10591</td></tr>
<tr class="passedeven"><td rowspan="10">TC1_PH14036</td><td><a href="#m8"><b>testPasswordSixText</b>  </a></td><td class="numi">2</td><td>1650436704960</td><td class="numi">7521</td></tr><tr class="passedeven"><td><a href="#m9"><b>testPasswordSixText</b>  </a></td><td class="numi">2</td><td>1650436704960</td><td class="numi">7521</td></tr><tr class="passedeven"><td><a href="#m10"><b>testPasswordSevenText</b>  </a></td><td class="numi">2</td><td>1650436712497</td><td class="numi">7018</td></tr><tr class="passedeven"><td><a href="#m11"><b>testPasswordSevenText</b>  </a></td><td class="numi">2</td><td>1650436712497</td><td class="numi">7018</td></tr><tr class="passedeven"><td><a href="#m12"><b>testCreateSameAccount</b>  </a></td><td class="numi">2</td><td>1650436719527</td><td class="numi">4155</td></tr><tr class="passedeven"><td><a href="#m13"><b>testCreateSameAccount</b>  </a></td><td class="numi">2</td><td>1650436719527</td><td class="numi">4155</td></tr><tr class="passedeven"><td><a href="#m14"><b>testPasswordFiveText</b>  </a></td><td class="numi">2</td><td>1650436723693</td><td class="numi">2665</td></tr><tr class="passedeven"><td><a href="#m15"><b>testPasswordFiveText</b>  </a></td><td class="numi">2</td><td>1650436723693</td><td class="numi">2665</td></tr><tr class="passedeven"><td><a href="#m16"><b>testPasswordValidate</b>  </a></td><td class="numi">2</td><td>1650436726374</td><td class="numi">2506</td></tr><tr class="passedeven"><td><a href="#m17"><b>testPasswordValidate</b>  </a></td><td class="numi">2</td><td>1650436726374</td><td class="numi">2506</td></tr>
</table>
<h1>All</h1>
<h2 id="m1">TC1_PH14036:testCreateAccount</h2>
<table cellspacing="0" cellpadding="0" class="result">
<tr class="param"><th>Parameter #1</th><th>Parameter #2</th><th>Parameter #3</th></tr>
<tr class="param stripe"><td>ms12adaadaas@gmail.com</td>
<td>ducnv2509</td>
<td>ducnv2509</td>
</tr>
<tr><td colspan="3">
<div class="stacktrace">org.openqa.selenium.NoSuchElementException: no such element: Unable to locate element: {&quot;method&quot;:&quot;xpath&quot;,&quot;selector&quot;:&quot;/html[1]/body[1]/div[1]/div[1]/div[2]/div[1]/div[2]/div[1]/div[1]/div[2]/p[1]/strong[1]&quot;}
  (Session info: chrome=100.0.4896.127)
For documentation on this error, please visit: https://selenium.dev/exceptions/#no_such_element
Build info: version: &apos;4.1.2&apos;, revision: &apos;9a5a329c5a&apos;
System info: host: &apos;DESKTOP-S43R7BM&apos;, ip: &apos;192.168.1.173&apos;, os.name: &apos;Windows 10&apos;, os.arch: &apos;amd64&apos;, os.version: &apos;10.0&apos;, java.version: &apos;15.0.2&apos;
Driver info: org.openqa.selenium.chrome.ChromeDriver
Command: [1365dfdcaa9ed7d1ab392ab8a84a1f13, findElement {using=xpath, value=/html[1]/body[1]/div[1]/div[1]/div[2]/div[1]/div[2]/div[1]/div[1]/div[2]/p[1]/strong[1]}]
Capabilities {acceptInsecureCerts: false, browserName: chrome, browserVersion: 100.0.4896.127, chrome: {chromedriverVersion: 100.0.4896.60 (6a5d10861ce8..., userDataDir: C:\Users\dangd\AppData\Loca...}, goog:chromeOptions: {debuggerAddress: localhost:53860}, javascriptEnabled: true, networkConnectionEnabled: false, pageLoadStrategy: normal, platform: WINDOWS, platformName: WINDOWS, proxy: Proxy(), se:cdp: ws://localhost:53860/devtoo..., se:cdpVersion: 100.0.4896.127, setWindowRect: true, strictFileInteractability: false, timeouts: {implicit: 0, pageLoad: 300000, script: 30000}, unhandledPromptBehavior: dismiss and notify, webauthn:extension:credBlob: true, webauthn:extension:largeBlob: true, webauthn:virtualAuthenticators: true}
Session ID: 1365dfdcaa9ed7d1ab392ab8a84a1f13
	at org.openqa.selenium.remote.codec.w3c.W3CHttpResponseCodec.createException(W3CHttpResponseCodec.java:200)
	at org.openqa.selenium.remote.codec.w3c.W3CHttpResponseCodec.decode(W3CHttpResponseCodec.java:133)
	at org.openqa.selenium.remote.codec.w3c.W3CHttpResponseCodec.decode(W3CHttpResponseCodec.java:53)
	at org.openqa.selenium.remote.HttpCommandExecutor.execute(HttpCommandExecutor.java:184)
	at org.openqa.selenium.remote.service.DriverCommandExecutor.invokeExecute(DriverCommandExecutor.java:167)
	at org.openqa.selenium.remote.service.DriverCommandExecutor.execute(DriverCommandExecutor.java:142)
	at org.openqa.selenium.remote.RemoteWebDriver.execute(RemoteWebDriver.java:558)
	at org.openqa.selenium.remote.ElementLocation$ElementFinder$2.findElement(ElementLocation.java:162)
	at org.openqa.selenium.remote.ElementLocation.findElement(ElementLocation.java:60)
	at org.openqa.selenium.remote.RemoteWebDriver.findElement(RemoteWebDriver.java:382)
	at org.openqa.selenium.remote.RemoteWebDriver.findElement(RemoteWebDriver.java:374)
	at TC1_PH14036.testCreateAccount(TC1_PH14036.java:56)
	at com.intellij.rt.testng.IDEARemoteTestNG.run(IDEARemoteTestNG.java:66)
	at com.intellij.rt.testng.RemoteTestNGStarter.main(RemoteTestNGStarter.java:109)
... Removed 26 stack frames</div>
</td></tr>
</table>
<p class="totop"><a href="#summary">back to summary</a></p>
<h2 id="m2">TC1_PH14036:testCreateAccount</h2>
<table cellspacing="0" cellpadding="0" class="result">
<tr class="param"><th>Parameter #1</th><th>Parameter #2</th><th>Parameter #3</th></tr>
<tr class="param stripe"><td>bcg12dhgaaaan@gmail.com</td>
<td>ducnv2509</td>
<td>ducnv2509</td>
</tr>
<tr><td colspan="3">
<div class="stacktrace">org.openqa.selenium.NoSuchElementException: no such element: Unable to locate element: {&quot;method&quot;:&quot;xpath&quot;,&quot;selector&quot;:&quot;/html[1]/body[1]/div[1]/div[1]/div[2]/div[1]/div[2]/div[1]/div[1]/div[2]/p[1]/strong[1]&quot;}
  (Session info: chrome=100.0.4896.127)
For documentation on this error, please visit: https://selenium.dev/exceptions/#no_such_element
Build info: version: &apos;4.1.2&apos;, revision: &apos;9a5a329c5a&apos;
System info: host: &apos;DESKTOP-S43R7BM&apos;, ip: &apos;192.168.1.173&apos;, os.name: &apos;Windows 10&apos;, os.arch: &apos;amd64&apos;, os.version: &apos;10.0&apos;, java.version: &apos;15.0.2&apos;
Driver info: org.openqa.selenium.chrome.ChromeDriver
Command: [1365dfdcaa9ed7d1ab392ab8a84a1f13, findElement {using=xpath, value=/html[1]/body[1]/div[1]/div[1]/div[2]/div[1]/div[2]/div[1]/div[1]/div[2]/p[1]/strong[1]}]
Capabilities {acceptInsecureCerts: false, browserName: chrome, browserVersion: 100.0.4896.127, chrome: {chromedriverVersion: 100.0.4896.60 (6a5d10861ce8..., userDataDir: C:\Users\dangd\AppData\Loca...}, goog:chromeOptions: {debuggerAddress: localhost:53860}, javascriptEnabled: true, networkConnectionEnabled: false, pageLoadStrategy: normal, platform: WINDOWS, platformName: WINDOWS, proxy: Proxy(), se:cdp: ws://localhost:53860/devtoo..., se:cdpVersion: 100.0.4896.127, setWindowRect: true, strictFileInteractability: false, timeouts: {implicit: 0, pageLoad: 300000, script: 30000}, unhandledPromptBehavior: dismiss and notify, webauthn:extension:credBlob: true, webauthn:extension:largeBlob: true, webauthn:virtualAuthenticators: true}
Session ID: 1365dfdcaa9ed7d1ab392ab8a84a1f13
	at org.openqa.selenium.remote.codec.w3c.W3CHttpResponseCodec.createException(W3CHttpResponseCodec.java:200)
	at org.openqa.selenium.remote.codec.w3c.W3CHttpResponseCodec.decode(W3CHttpResponseCodec.java:133)
	at org.openqa.selenium.remote.codec.w3c.W3CHttpResponseCodec.decode(W3CHttpResponseCodec.java:53)
	at org.openqa.selenium.remote.HttpCommandExecutor.execute(HttpCommandExecutor.java:184)
	at org.openqa.selenium.remote.service.DriverCommandExecutor.invokeExecute(DriverCommandExecutor.java:167)
	at org.openqa.selenium.remote.service.DriverCommandExecutor.execute(DriverCommandExecutor.java:142)
	at org.openqa.selenium.remote.RemoteWebDriver.execute(RemoteWebDriver.java:558)
	at org.openqa.selenium.remote.ElementLocation$ElementFinder$2.findElement(ElementLocation.java:162)
	at org.openqa.selenium.remote.ElementLocation.findElement(ElementLocation.java:60)
	at org.openqa.selenium.remote.RemoteWebDriver.findElement(RemoteWebDriver.java:382)
	at org.openqa.selenium.remote.RemoteWebDriver.findElement(RemoteWebDriver.java:374)
	at TC1_PH14036.testCreateAccount(TC1_PH14036.java:56)
	at com.intellij.rt.testng.IDEARemoteTestNG.run(IDEARemoteTestNG.java:66)
	at com.intellij.rt.testng.RemoteTestNGStarter.main(RemoteTestNGStarter.java:109)
... Removed 26 stack frames</div>
</td></tr>
</table>
<p class="totop"><a href="#summary">back to summary</a></p>
<h2 id="m3">TC1_PH14036:testCreateSameAccount</h2>
<table cellspacing="0" cellpadding="0" class="result">
<tr class="param"><th>Parameter #1</th><th>Parameter #2</th><th>Parameter #3</th></tr>
<tr class="param stripe"><td>test2@gmail.com</td>
<td>ducnv2509</td>
<td>ducnv2509</td>
</tr>
</table>
<p class="totop"><a href="#summary">back to summary</a></p>
<h2 id="m4">TC2_PH14036:testSendEmail</h2>
<table cellspacing="0" cellpadding="0" class="result">
<tr class="param"><th>Parameter #1</th><th>Parameter #2</th></tr>
<tr class="param stripe"><td>demo2@gmail.com</td>
<td>Ok</td>
</tr>
</table>
<p class="totop"><a href="#summary">back to summary</a></p>
<h2 id="m5">TC1_PH14036:testPasswordSixText</h2>
<table cellspacing="0" cellpadding="0" class="result">
<tr class="param"><th>Parameter #1</th><th>Parameter #2</th><th>Parameter #3</th></tr>
<tr class="param stripe"><td>demo1231@gmail.com</td>
<td>123456</td>
<td>123456</td>
</tr>
</table>
<p class="totop"><a href="#summary">back to summary</a></p>
<h2 id="m6">TC1_PH14036:testPasswordValidate</h2>
<table cellspacing="0" cellpadding="0" class="result">
<tr class="param"><th>Parameter #1</th><th>Parameter #2</th><th>Parameter #3</th></tr>
<tr class="param stripe"><td>test3@gmail.com</td>
<td>123456</td>
<td>1234567</td>
</tr>
</table>
<p class="totop"><a href="#summary">back to summary</a></p>
<h2 id="m7">TC1_PH14036:testPasswordFiveText</h2>
<table cellspacing="0" cellpadding="0" class="result">
<tr class="param"><th>Parameter #1</th><th>Parameter #2</th><th>Parameter #3</th></tr>
<tr class="param stripe"><td>test4@gmail.com</td>
<td>54321</td>
<td>54321</td>
</tr>
</table>
<p class="totop"><a href="#summary">back to summary</a></p>
<h2 id="m8">TC2_PH14036:testSendEmail</h2>
<table cellspacing="0" cellpadding="0" class="result">
<tr class="param"><th>Parameter #1</th><th>Parameter #2</th></tr>
<tr class="param stripe"><td>demo1@gmail.com</td>
<td>Ok</td>
</tr>
</table>
<p class="totop"><a href="#summary">back to summary</a></p>
<h2 id="m9">TC2_PH14036:testSendEmail</h2>
<table cellspacing="0" cellpadding="0" class="result">
<tr class="param"><th>Parameter #1</th><th>Parameter #2</th></tr>
<tr class="param stripe"><td>demo3@gmail.com</td>
<td>Ok</td>
</tr>
</table>
<p class="totop"><a href="#summary">back to summary</a></p>
<h2 id="m10">TC1_PH14036:testPasswordSixText</h2>
<table cellspacing="0" cellpadding="0" class="result">
<tr class="param"><th>Parameter #1</th><th>Parameter #2</th><th>Parameter #3</th></tr>
<tr class="param stripe"><td>demo1231231@gmail.com</td>
<td>654321</td>
<td>654321</td>
</tr>
</table>
<p class="totop"><a href="#summary">back to summary</a></p>
<h2 id="m11">TC1_PH14036:testPasswordSevenText</h2>
<table cellspacing="0" cellpadding="0" class="result">
<tr class="param"><th>Parameter #1</th><th>Parameter #2</th><th>Parameter #3</th></tr>
<tr class="param stripe"><td>demaaaa@gmail.com</td>
<td>7654321</td>
<td>7654321</td>
</tr>
</table>
<p class="totop"><a href="#summary">back to summary</a></p>
<h2 id="m12">TC2_PH14036:testSendEmail</h2>
<table cellspacing="0" cellpadding="0" class="result">
<tr class="param"><th>Parameter #1</th><th>Parameter #2</th></tr>
<tr class="param stripe"><td>demo5@gmail.com</td>
<td>Ok</td>
</tr>
</table>
<p class="totop"><a href="#summary">back to summary</a></p>
<h2 id="m13">TC1_PH14036:testCreateSameAccount</h2>
<table cellspacing="0" cellpadding="0" class="result">
<tr class="param"><th>Parameter #1</th><th>Parameter #2</th><th>Parameter #3</th></tr>
<tr class="param stripe"><td>test1@gmail.com</td>
<td>ducnv2509</td>
<td>ducnv2509</td>
</tr>
</table>
<p class="totop"><a href="#summary">back to summary</a></p>
<h2 id="m14">TC1_PH14036:testPasswordFiveText</h2>
<table cellspacing="0" cellpadding="0" class="result">
<tr class="param"><th>Parameter #1</th><th>Parameter #2</th><th>Parameter #3</th></tr>
<tr class="param stripe"><td>test3@gmail.com</td>
<td>12345</td>
<td>12345</td>
</tr>
</table>
<p class="totop"><a href="#summary">back to summary</a></p>
<h2 id="m15">TC2_PH14036:testSendEmail</h2>
<table cellspacing="0" cellpadding="0" class="result">
<tr class="param"><th>Parameter #1</th><th>Parameter #2</th></tr>
<tr class="param stripe"><td>demo4@gmail.com</td>
<td>Ok</td>
</tr>
</table>
<p class="totop"><a href="#summary">back to summary</a></p>
<h2 id="m16">TC1_PH14036:testPasswordSevenText</h2>
<table cellspacing="0" cellpadding="0" class="result">
<tr class="param"><th>Parameter #1</th><th>Parameter #2</th><th>Parameter #3</th></tr>
<tr class="param stripe"><td>demonnn@gmail.com</td>
<td>1234567</td>
<td>1234567</td>
</tr>
</table>
<p class="totop"><a href="#summary">back to summary</a></p>
<h2 id="m17">TC1_PH14036:testPasswordValidate</h2>
<table cellspacing="0" cellpadding="0" class="result">
<tr class="param"><th>Parameter #1</th><th>Parameter #2</th><th>Parameter #3</th></tr>
<tr class="param stripe"><td>test4@gmail.com</td>
<td>654321</td>
<td>7654321</td>
</tr>
</table>
<p class="totop"><a href="#summary">back to summary</a></p>
</body></html>
